#
# There is insufficient memory for the Java Runtime Environment to continue.
# Native memory allocation (malloc) failed to allocate 1012736 bytes for Chunk::new
# Possible reasons:
#   The system is out of physical RAM or swap space
#   The process is running with CompressedOops enabled, and the Java Heap may be blocking the growth of the native heap
# Possible solutions:
#   Reduce memory load on the system
#   Increase physical memory or swap space
#   Check if swap backing store is full
#   Decrease Java heap size (-Xmx/-Xms)
#   Decrease number of Java threads
#   Decrease Java thread stack sizes (-Xss)
#   Set larger code cache with -XX:ReservedCodeCacheSize=
#   JVM is running with Unscaled Compressed Oops mode in which the Java heap is
#     placed in the first 4GB address space. The Java Heap base address is the
#     maximum limit for the native heap growth. Please use -XX:HeapBaseMinAddress
#     to set the Java Heap base and to place the Java Heap above 4GB virtual address.
# This output file may be truncated or incomplete.
#
#  Out of Memory Error (t:/workspace/open/src/hotspot/share/memory/arena.cpp:197), pid=9592, tid=13692
#
# JRE version: Java(TM) SE Runtime Environment (11.0.2+9) (build 11.0.2+9-LTS)
# Java VM: Java HotSpot(TM) 64-Bit Server VM (11.0.2+9-LTS, mixed mode, tiered, compressed oops, g1 gc, windows-amd64)
# No core dump will be written. Minidumps are not enabled by default on client versions of Windows
#

---------------  S U M M A R Y ------------

Command Line: --add-opens=java.base/java.util=ALL-UNNAMED --add-opens=java.base/java.lang=ALL-UNNAMED --add-opens=java.base/java.lang.invoke=ALL-UNNAMED --add-opens=java.prefs/java.util.prefs=ALL-UNNAMED -XX:MaxMetaspaceSize=256m -XX:+HeapDumpOnOutOfMemoryError -Xms256m -Xmx512m -Dfile.encoding=windows-1251 -Duser.country=RU -Duser.language=ru -Duser.variant org.gradle.launcher.daemon.bootstrap.GradleDaemon 6.3

Host: Intel(R) Core(TM) i3-3217U CPU @ 1.80GHz, 4 cores, 5G,  Windows 10 , 64 bit Build 18362 (10.0.18362.778)
Time: Sun Apr 19 23:45:47 2020 RTZ 2 (ceia) elapsed time: 71 seconds (0d 0h 1m 11s)

---------------  T H R E A D  ---------------

Current thread (0x0000024f7350f800):  JavaThread "C2 CompilerThread0" daemon [_thread_in_native, id=13692, stack(0x0000009458700000,0x0000009458800000)]


Current CompileTask:
C2:  71292 8143       4       io.spring.gradle.dependencymanagement.org.apache.maven.model.interpolation.ProblemDetectingValueSource::getValue (131 bytes)

Stack: [0x0000009458700000,0x0000009458800000]
Native frames: (J=compiled Java code, j=interpreted, Vv=VM code, C=native code)
V  [jvm.dll+0x63574a]
V  [jvm.dll+0x77326f]
V  [jvm.dll+0x77491a]
V  [jvm.dll+0x774fd3]
V  [jvm.dll+0x25e418]
V  [jvm.dll+0xc2141]
V  [jvm.dll+0xc26dc]
V  [jvm.dll+0x2cf274]
V  [jvm.dll+0x55235f]
V  [jvm.dll+0x21a38f]
V  [jvm.dll+0x2172c6]
V  [jvm.dll+0x194200]
V  [jvm.dll+0x2263af]
V  [jvm.dll+0x2249b8]
V  [jvm.dll+0x738a9d]
V  [jvm.dll+0x6347f2]
C  [ucrtbase.dll+0x20e72]
C  [KERNEL32.DLL+0x17bd4]
C  [ntdll.dll+0x6ce51]


---------------  P R O C E S S  ---------------

Threads class SMR info:
_java_thread_list=0x0000024f764d4070, length=41, elements={
0x0000024f568ae800, 0x0000024f734e9800, 0x0000024f734f5000, 0x0000024f7350a800,
0x0000024f7350b000, 0x0000024f7350f800, 0x0000024f73514800, 0x0000024f73eca800,
0x0000024f73fe6000, 0x0000024f73ff6000, 0x0000024f75c73800, 0x0000024f74ec0000,
0x0000024f75758800, 0x0000024f75692000, 0x0000024f74c4f000, 0x0000024f75aff800,
0x0000024f75b04800, 0x0000024f75b05000, 0x0000024f75b02000, 0x0000024f749cb800,
0x0000024f749d1000, 0x0000024f749d0800, 0x0000024f749ce000, 0x0000024f749cf800,
0x0000024f749d2000, 0x0000024f749d3000, 0x0000024f749cd000, 0x0000024f749d3800,
0x0000024f749d9800, 0x0000024f749d6000, 0x0000024f749d4800, 0x0000024f749d7000,
0x0000024f749d8800, 0x0000024f749da000, 0x0000024f749d7800, 0x0000024f749d5800,
0x0000024f75b03800, 0x0000024f75b06000, 0x0000024f75b00800, 0x0000024f75b01000,
0x0000024f769fa800
}

Java Threads: ( => current thread )
  0x0000024f568ae800 JavaThread "main" [_thread_blocked, id=1152, stack(0x0000009457c00000,0x0000009457d00000)]
  0x0000024f734e9800 JavaThread "Reference Handler" daemon [_thread_blocked, id=3916, stack(0x0000009458300000,0x0000009458400000)]
  0x0000024f734f5000 JavaThread "Finalizer" daemon [_thread_blocked, id=12596, stack(0x0000009458400000,0x0000009458500000)]
  0x0000024f7350a800 JavaThread "Signal Dispatcher" daemon [_thread_blocked, id=7244, stack(0x0000009458500000,0x0000009458600000)]
  0x0000024f7350b000 JavaThread "Attach Listener" daemon [_thread_blocked, id=10596, stack(0x0000009458600000,0x0000009458700000)]
=>0x0000024f7350f800 JavaThread "C2 CompilerThread0" daemon [_thread_in_native, id=13692, stack(0x0000009458700000,0x0000009458800000)]
  0x0000024f73514800 JavaThread "C1 CompilerThread0" daemon [_thread_blocked, id=8016, stack(0x0000009458800000,0x0000009458900000)]
  0x0000024f73eca800 JavaThread "Sweeper thread" daemon [_thread_blocked, id=13736, stack(0x0000009458900000,0x0000009458a00000)]
  0x0000024f73fe6000 JavaThread "Common-Cleaner" daemon [_thread_blocked, id=2844, stack(0x0000009458a00000,0x0000009458b00000)]
  0x0000024f73ff6000 JavaThread "Service Thread" daemon [_thread_blocked, id=9636, stack(0x0000009458b00000,0x0000009458c00000)]
  0x0000024f75c73800 JavaThread "Daemon health stats" [_thread_blocked, id=13348, stack(0x0000009459200000,0x0000009459300000)]
  0x0000024f74ec0000 JavaThread "Incoming local TCP Connector on port 52323" [_thread_in_native, id=12704, stack(0x0000009459100000,0x0000009459200000)]
  0x0000024f75758800 JavaThread "Daemon periodic checks" [_thread_blocked, id=2448, stack(0x0000009459300000,0x0000009459400000)]
  0x0000024f75692000 JavaThread "Daemon" [_thread_blocked, id=13776, stack(0x0000009459400000,0x0000009459500000)]
  0x0000024f74c4f000 JavaThread "Daemon worker" [_thread_in_native, id=13368, stack(0x0000009459700000,0x0000009459800000)]
  0x0000024f75aff800 JavaThread "Cache worker for journal cache (C:\Users\Евгений\.gradle\caches\journal-1)" [_thread_blocked, id=6784, stack(0x0000009459b00000,0x0000009459c00000)]
  0x0000024f75b04800 JavaThread "File lock request listener" [_thread_in_native, id=10276, stack(0x0000009459c00000,0x0000009459d00000)]
  0x0000024f75b05000 JavaThread "Cache worker for file hash cache (C:\Users\Евгений\.gradle\caches\6.3\fileHashes)" [_thread_blocked, id=14800, stack(0x0000009459d00000,0x0000009459e00000)]
  0x0000024f75b02000 JavaThread "Cache worker for execution history cache (C:\Users\Евгений\.gradle\caches\6.3\executionHistory)" [_thread_blocked, id=9912, stack(0x000000945a200000,0x000000945a300000)]
  0x0000024f749cb800 JavaThread "Handler for socket connection from /127.0.0.1:52323 to /127.0.0.1:52387" [_thread_in_native, id=5888, stack(0x0000009459500000,0x0000009459600000)]
  0x0000024f749d1000 JavaThread "Cancel handler" [_thread_blocked, id=2640, stack(0x0000009459600000,0x0000009459700000)]
  0x0000024f749d0800 JavaThread "Asynchronous log dispatcher for DefaultDaemonConnection: socket connection from /127.0.0.1:52323 to /127.0.0.1:52387" [_thread_blocked, id=13428, stack(0x0000009459800000,0x0000009459900000)]
  0x0000024f749ce000 JavaThread "Stdin handler" [_thread_blocked, id=11472, stack(0x0000009459900000,0x0000009459a00000)]
  0x0000024f749cf800 JavaThread "Thread-30" [_thread_blocked, id=1836, stack(0x0000009459a00000,0x0000009459b00000)]
  0x0000024f749d2000 JavaThread "Cache worker for checksums cache (C:\Users\Евгений\IdeaProjects\ses\.gradle\checksums)" [_thread_blocked, id=14200, stack(0x0000009459e00000,0x0000009459f00000)]
  0x0000024f749d3000 JavaThread "Cache worker for file hash cache (C:\Users\Евгений\IdeaProjects\ses\.gradle\6.3\fileHashes)" [_thread_blocked, id=5200, stack(0x0000009459f00000,0x000000945a000000)]
  0x0000024f749cd000 JavaThread "Cache worker for cache directory md-supplier (C:\Users\Евгений\.gradle\caches\6.3\md-supplier)" [_thread_blocked, id=15040, stack(0x000000945a000000,0x000000945a100000)]
  0x0000024f749d3800 JavaThread "Cache worker for cache directory md-rule (C:\Users\Евгений\.gradle\caches\6.3\md-rule)" [_thread_blocked, id=12548, stack(0x000000945a100000,0x000000945a200000)]
  0x0000024f749d9800 JavaThread "Build operations" [_thread_blocked, id=6504, stack(0x000000945a300000,0x000000945a400000)]
  0x0000024f749d6000 JavaThread "Build operations Thread 2" [_thread_blocked, id=10272, stack(0x000000945a400000,0x000000945a500000)]
  0x0000024f749d4800 JavaThread "Build operations Thread 3" [_thread_blocked, id=4780, stack(0x000000945a500000,0x000000945a600000)]
  0x0000024f749d7000 JavaThread "Build operations Thread 4" [_thread_blocked, id=10084, stack(0x000000945a600000,0x000000945a700000)]
  0x0000024f749d8800 JavaThread "Cache worker for Build Output Cleanup Cache (C:\Users\Евгений\IdeaProjects\ses\.gradle\buildOutputCleanup)" [_thread_blocked, id=9720, stack(0x000000945a700000,0x000000945a800000)]
  0x0000024f749da000 JavaThread "Memory manager" [_thread_blocked, id=12444, stack(0x000000945a800000,0x000000945a900000)]
  0x0000024f749d7800 JavaThread "Cache worker for file content cache (C:\Users\Евгений\.gradle\caches\6.3\fileContent)" [_thread_blocked, id=12644, stack(0x000000945a900000,0x000000945aa00000)]
  0x0000024f749d5800 JavaThread "Cache worker for file content cache (C:\Users\Евгений\IdeaProjects\ses\.gradle\6.3\fileContent)" [_thread_blocked, id=12560, stack(0x000000945aa00000,0x000000945ab00000)]
  0x0000024f75b03800 JavaThread "Execution worker for ':'" [_thread_blocked, id=1488, stack(0x000000945ab00000,0x000000945ac00000)]
  0x0000024f75b06000 JavaThread "Execution worker for ':' Thread 2" [_thread_blocked, id=10532, stack(0x000000945ac00000,0x000000945ad00000)]
  0x0000024f75b00800 JavaThread "Execution worker for ':' Thread 3" [_thread_blocked, id=6660, stack(0x000000945af00000,0x000000945b000000)]
  0x0000024f75b01000 JavaThread "Cache worker for execution history cache (C:\Users\Евгений\IdeaProjects\ses\.gradle\6.3\executionHistory)" [_thread_blocked, id=13768, stack(0x000000945b000000,0x000000945b100000)]
  0x0000024f769fa800 JavaThread "C2 CompilerThread1" daemon [_thread_in_native, id=12332, stack(0x000000945b100000,0x000000945b200000)]

Other Threads:
  0x0000024f734c0800 VMThread "VM Thread" [stack: 0x0000009458200000,0x0000009458300000] [id=9784]
  0x0000024f74030800 WatcherThread [stack: 0x0000009458c00000,0x0000009458d00000] [id=5268]
  0x0000024f589cc800 GCTaskThread "GC Thread#0" [stack: 0x0000009457d00000,0x0000009457e00000] [id=564]
  0x0000024f743df000 GCTaskThread "GC Thread#1" [stack: 0x0000009458e00000,0x0000009458f00000] [id=3728]
  0x0000024f7422e800 GCTaskThread "GC Thread#2" [stack: 0x0000009458f00000,0x0000009459000000] [id=5452]
  0x0000024f74662800 GCTaskThread "GC Thread#3" [stack: 0x0000009459000000,0x0000009459100000] [id=11284]
  0x0000024f589dc800 ConcurrentGCThread "G1 Main Marker" [stack: 0x0000009457e00000,0x0000009457f00000] [id=14988]
  0x0000024f589de800 ConcurrentGCThread "G1 Conc#0" [stack: 0x0000009457f00000,0x0000009458000000] [id=11268]
  0x0000024f58a8e000 ConcurrentGCThread "G1 Refine#0" [stack: 0x0000009458000000,0x0000009458100000] [id=10612]
  0x0000024f7335c800 ConcurrentGCThread "G1 Young RemSet Sampling" [stack: 0x0000009458100000,0x0000009458200000] [id=12832]

Threads with active compile tasks:
C2 CompilerThread08143       4       io.spring.gradle.dependencymanagement.org.apache.maven.model.interpolation.ProblemDetectingValueSource::getValue (131 bytes)
C2 CompilerThread18148       4       io.spring.gradle.dependencymanagement.internal.maven.MavenPomResolver::createDependency (130 bytes)

VM state:not at safepoint (normal execution)

VM Mutex/Monitor currently owned by a thread: None

Heap address: 0x00000000e0000000, size: 512 MB, Compressed Oops mode: 32-bit
Narrow klass base: 0x0000000000000000, Narrow klass shift: 3
Compressed class space size: 260046848 Address: 0x0000000100000000

Heap:
 garbage-first heap   total 262144K, used 164478K [0x00000000e0000000, 0x0000000100000000)
  region size 1024K, 137 young (140288K), 16 survivors (16384K)
 Metaspace       used 65513K, capacity 67352K, committed 67484K, reserved 313344K
  class space    used 8276K, capacity 8889K, committed 8940K, reserved 253952K
Heap Regions: E=young(eden), S=young(survivor), O=old, HS=humongous(starts), HC=humongous(continues), CS=collection set, F=free, A=archive, TAMS=top-at-mark-start (previous, next)
|   0|0x00000000e0000000, 0x00000000e0100000, 0x00000000e0100000|100%| O|  |TAMS 0x00000000e0100000, 0x00000000e0000000| Untracked 
|   1|0x00000000e0100000, 0x00000000e0200000, 0x00000000e0200000|100%| O|  |TAMS 0x00000000e0200000, 0x00000000e0100000| Untracked 
|   2|0x00000000e0200000, 0x00000000e0300000, 0x00000000e0300000|100%| O|  |TAMS 0x00000000e0300000, 0x00000000e0200000| Untracked 
|   3|0x00000000e0300000, 0x00000000e0400000, 0x00000000e0400000|100%|HS|  |TAMS 0x00000000e0400000, 0x00000000e0300000| Complete 
|   4|0x00000000e0400000, 0x00000000e0500000, 0x00000000e0500000|100%|HC|  |TAMS 0x00000000e0500000, 0x00000000e0400000| Complete 
|   5|0x00000000e0500000, 0x00000000e0600000, 0x00000000e0600000|100%|HC|  |TAMS 0x00000000e0600000, 0x00000000e0500000| Complete 
|   6|0x00000000e0600000, 0x00000000e0700000, 0x00000000e0700000|100%| O|  |TAMS 0x00000000e0700000, 0x00000000e0600000| Untracked 
|   7|0x00000000e0700000, 0x00000000e0800000, 0x00000000e0800000|100%| O|  |TAMS 0x00000000e0800000, 0x00000000e0700000| Untracked 
|   8|0x00000000e0800000, 0x00000000e0900000, 0x00000000e0900000|100%| O|  |TAMS 0x00000000e0900000, 0x00000000e0800000| Untracked 
|   9|0x00000000e0900000, 0x00000000e0a00000, 0x00000000e0a00000|100%| O|  |TAMS 0x00000000e0a00000, 0x00000000e0900000| Untracked 
|  10|0x00000000e0a00000, 0x00000000e0b00000, 0x00000000e0b00000|100%| O|  |TAMS 0x00000000e0b00000, 0x00000000e0a00000| Untracked 
|  11|0x00000000e0b00000, 0x00000000e0c00000, 0x00000000e0c00000|100%| O|  |TAMS 0x00000000e0c00000, 0x00000000e0b00000| Untracked 
|  12|0x00000000e0c00000, 0x00000000e0d00000, 0x00000000e0d00000|100%| O|  |TAMS 0x00000000e0d00000, 0x00000000e0c00000| Untracked 
|  13|0x00000000e0d00000, 0x00000000e0e00000, 0x00000000e0e00000|100%| O|  |TAMS 0x00000000e0e00000, 0x00000000e0d00000| Untracked 
|  14|0x00000000e0e00000, 0x00000000e0f00000, 0x00000000e0f00000|100%| O|  |TAMS 0x00000000e0f00000, 0x00000000e0e00000| Untracked 
|  15|0x00000000e0f00000, 0x00000000e1000000, 0x00000000e1000000|100%| O|  |TAMS 0x00000000e1000000, 0x00000000e0f00000| Untracked 
|  16|0x00000000e1000000, 0x00000000e1100000, 0x00000000e1100000|100%| O|  |TAMS 0x00000000e1100000, 0x00000000e1000000| Untracked 
|  17|0x00000000e1100000, 0x00000000e1200000, 0x00000000e1200000|100%| O|  |TAMS 0x00000000e1200000, 0x00000000e1100000| Untracked 
|  18|0x00000000e1200000, 0x00000000e1300000, 0x00000000e1300000|100%| O|  |TAMS 0x00000000e1300000, 0x00000000e1200000| Untracked 
|  19|0x00000000e1300000, 0x00000000e1400000, 0x00000000e1400000|100%| O|  |TAMS 0x00000000e1400000, 0x00000000e1300000| Untracked 
|  20|0x00000000e1400000, 0x00000000e1500000, 0x00000000e1500000|100%| O|  |TAMS 0x00000000e1500000, 0x00000000e1400000| Untracked 
|  21|0x00000000e1500000, 0x00000000e1600000, 0x00000000e1600000|100%| O|  |TAMS 0x00000000e1600000, 0x00000000e1500000| Untracked 
|  22|0x00000000e1600000, 0x00000000e1700000, 0x00000000e1700000|100%| O|  |TAMS 0x00000000e1700000, 0x00000000e1600000| Untracked 
|  23|0x00000000e1700000, 0x00000000e1800000, 0x00000000e1800000|100%| O|  |TAMS 0x00000000e1800000, 0x00000000e1700000| Untracked 
|  24|0x00000000e1800000, 0x00000000e189fa00, 0x00000000e1900000| 62%| O|  |TAMS 0x00000000e189fa00, 0x00000000e1800000| Untracked 
|  25|0x00000000e1900000, 0x00000000e1900000, 0x00000000e1a00000|  0%| F|  |TAMS 0x00000000e1900000, 0x00000000e1900000| Untracked 
|  26|0x00000000e1a00000, 0x00000000e1a00000, 0x00000000e1b00000|  0%| F|  |TAMS 0x00000000e1a00000, 0x00000000e1a00000| Untracked 
|  27|0x00000000e1b00000, 0x00000000e1b00000, 0x00000000e1c00000|  0%| F|  |TAMS 0x00000000e1b00000, 0x00000000e1b00000| Untracked 
|  28|0x00000000e1c00000, 0x00000000e1c00000, 0x00000000e1d00000|  0%| F|  |TAMS 0x00000000e1c00000, 0x00000000e1c00000| Untracked 
|  29|0x00000000e1d00000, 0x00000000e1d00000, 0x00000000e1e00000|  0%| F|  |TAMS 0x00000000e1d00000, 0x00000000e1d00000| Untracked 
|  30|0x00000000e1e00000, 0x00000000e1e00000, 0x00000000e1f00000|  0%| F|  |TAMS 0x00000000e1e00000, 0x00000000e1e00000| Untracked 
|  31|0x00000000e1f00000, 0x00000000e1f00000, 0x00000000e2000000|  0%| F|  |TAMS 0x00000000e1f00000, 0x00000000e1f00000| Untracked 
|  32|0x00000000e2000000, 0x00000000e2000000, 0x00000000e2100000|  0%| F|  |TAMS 0x00000000e2000000, 0x00000000e2000000| Untracked 
|  33|0x00000000e2100000, 0x00000000e2100000, 0x00000000e2200000|  0%| F|  |TAMS 0x00000000e2100000, 0x00000000e2100000| Untracked 
|  34|0x00000000e2200000, 0x00000000e2200000, 0x00000000e2300000|  0%| F|  |TAMS 0x00000000e2200000, 0x00000000e2200000| Untracked 
|  35|0x00000000e2300000, 0x00000000e2300000, 0x00000000e2400000|  0%| F|  |TAMS 0x00000000e2300000, 0x00000000e2300000| Untracked 
|  36|0x00000000e2400000, 0x00000000e2400000, 0x00000000e2500000|  0%| F|  |TAMS 0x00000000e2400000, 0x00000000e2400000| Untracked 
|  37|0x00000000e2500000, 0x00000000e2500000, 0x00000000e2600000|  0%| F|  |TAMS 0x00000000e2500000, 0x00000000e2500000| Untracked 
|  38|0x00000000e2600000, 0x00000000e2600000, 0x00000000e2700000|  0%| F|  |TAMS 0x00000000e2600000, 0x00000000e2600000| Untracked 
|  39|0x00000000e2700000, 0x00000000e2700000, 0x00000000e2800000|  0%| F|  |TAMS 0x00000000e2700000, 0x00000000e2700000| Untracked 
|  40|0x00000000e2800000, 0x00000000e2800000, 0x00000000e2900000|  0%| F|  |TAMS 0x00000000e2800000, 0x00000000e2800000| Untracked 
|  41|0x00000000e2900000, 0x00000000e2900000, 0x00000000e2a00000|  0%| F|  |TAMS 0x00000000e2900000, 0x00000000e2900000| Untracked 
|  42|0x00000000e2a00000, 0x00000000e2a00000, 0x00000000e2b00000|  0%| F|  |TAMS 0x00000000e2a00000, 0x00000000e2a00000| Untracked 
|  43|0x00000000e2b00000, 0x00000000e2b00000, 0x00000000e2c00000|  0%| F|  |TAMS 0x00000000e2b00000, 0x00000000e2b00000| Untracked 
|  44|0x00000000e2c00000, 0x00000000e2c00000, 0x00000000e2d00000|  0%| F|  |TAMS 0x00000000e2c00000, 0x00000000e2c00000| Untracked 
|  45|0x00000000e2d00000, 0x00000000e2d00000, 0x00000000e2e00000|  0%| F|  |TAMS 0x00000000e2d00000, 0x00000000e2d00000| Untracked 
|  46|0x00000000e2e00000, 0x00000000e2e00000, 0x00000000e2f00000|  0%| F|  |TAMS 0x00000000e2e00000, 0x00000000e2e00000| Untracked 
|  47|0x00000000e2f00000, 0x00000000e2f00000, 0x00000000e3000000|  0%| F|  |TAMS 0x00000000e2f00000, 0x00000000e2f00000| Untracked 
|  48|0x00000000e3000000, 0x00000000e3000000, 0x00000000e3100000|  0%| F|  |TAMS 0x00000000e3000000, 0x00000000e3000000| Untracked 
|  49|0x00000000e3100000, 0x00000000e3100000, 0x00000000e3200000|  0%| F|  |TAMS 0x00000000e3100000, 0x00000000e3100000| Untracked 
|  50|0x00000000e3200000, 0x00000000e3200000, 0x00000000e3300000|  0%| F|  |TAMS 0x00000000e3200000, 0x00000000e3200000| Untracked 
|  51|0x00000000e3300000, 0x00000000e3300000, 0x00000000e3400000|  0%| F|  |TAMS 0x00000000e3300000, 0x00000000e3300000| Untracked 
|  52|0x00000000e3400000, 0x00000000e3400000, 0x00000000e3500000|  0%| F|  |TAMS 0x00000000e3400000, 0x00000000e3400000| Untracked 
|  53|0x00000000e3500000, 0x00000000e3500000, 0x00000000e3600000|  0%| F|  |TAMS 0x00000000e3500000, 0x00000000e3500000| Untracked 
|  54|0x00000000e3600000, 0x00000000e3600000, 0x00000000e3700000|  0%| F|  |TAMS 0x00000000e3600000, 0x00000000e3600000| Untracked 
|  55|0x00000000e3700000, 0x00000000e3700000, 0x00000000e3800000|  0%| F|  |TAMS 0x00000000e3700000, 0x00000000e3700000| Untracked 
|  56|0x00000000e3800000, 0x00000000e3800000, 0x00000000e3900000|  0%| F|  |TAMS 0x00000000e3800000, 0x00000000e3800000| Untracked 
|  57|0x00000000e3900000, 0x00000000e3900000, 0x00000000e3a00000|  0%| F|  |TAMS 0x00000000e3900000, 0x00000000e3900000| Untracked 
|  58|0x00000000e3a00000, 0x00000000e3a00000, 0x00000000e3b00000|  0%| F|  |TAMS 0x00000000e3a00000, 0x00000000e3a00000| Untracked 
|  59|0x00000000e3b00000, 0x00000000e3b00000, 0x00000000e3c00000|  0%| F|  |TAMS 0x00000000e3b00000, 0x00000000e3b00000| Untracked 
|  60|0x00000000e3c00000, 0x00000000e3c00000, 0x00000000e3d00000|  0%| F|  |TAMS 0x00000000e3c00000, 0x00000000e3c00000| Untracked 
|  61|0x00000000e3d00000, 0x00000000e3d00000, 0x00000000e3e00000|  0%| F|  |TAMS 0x00000000e3d00000, 0x00000000e3d00000| Untracked 
|  62|0x00000000e3e00000, 0x00000000e3e00000, 0x00000000e3f00000|  0%| F|  |TAMS 0x00000000e3e00000, 0x00000000e3e00000| Untracked 
|  63|0x00000000e3f00000, 0x00000000e3f00000, 0x00000000e4000000|  0%| F|  |TAMS 0x00000000e3f00000, 0x00000000e3f00000| Untracked 
|  64|0x00000000e4000000, 0x00000000e4000000, 0x00000000e4100000|  0%| F|  |TAMS 0x00000000e4000000, 0x00000000e4000000| Untracked 
|  65|0x00000000e4100000, 0x00000000e4100000, 0x00000000e4200000|  0%| F|  |TAMS 0x00000000e4100000, 0x00000000e4100000| Untracked 
|  66|0x00000000e4200000, 0x00000000e4200000, 0x00000000e4300000|  0%| F|  |TAMS 0x00000000e4200000, 0x00000000e4200000| Untracked 
|  67|0x00000000e4300000, 0x00000000e4300000, 0x00000000e4400000|  0%| F|  |TAMS 0x00000000e4300000, 0x00000000e4300000| Untracked 
|  68|0x00000000e4400000, 0x00000000e4400000, 0x00000000e4500000|  0%| F|  |TAMS 0x00000000e4400000, 0x00000000e4400000| Untracked 
|  69|0x00000000e4500000, 0x00000000e4500000, 0x00000000e4600000|  0%| F|  |TAMS 0x00000000e4500000, 0x00000000e4500000| Untracked 
|  70|0x00000000e4600000, 0x00000000e4600000, 0x00000000e4700000|  0%| F|  |TAMS 0x00000000e4600000, 0x00000000e4600000| Untracked 
|  71|0x00000000e4700000, 0x00000000e4700000, 0x00000000e4800000|  0%| F|  |TAMS 0x00000000e4700000, 0x00000000e4700000| Untracked 
|  72|0x00000000e4800000, 0x00000000e4800000, 0x00000000e4900000|  0%| F|  |TAMS 0x00000000e4800000, 0x00000000e4800000| Untracked 
|  73|0x00000000e4900000, 0x00000000e4900000, 0x00000000e4a00000|  0%| F|  |TAMS 0x00000000e4900000, 0x00000000e4900000| Untracked 
|  74|0x00000000e4a00000, 0x00000000e4a00000, 0x00000000e4b00000|  0%| F|  |TAMS 0x00000000e4a00000, 0x00000000e4a00000| Untracked 
|  75|0x00000000e4b00000, 0x00000000e4b00000, 0x00000000e4c00000|  0%| F|  |TAMS 0x00000000e4b00000, 0x00000000e4b00000| Untracked 
|  76|0x00000000e4c00000, 0x00000000e4c00000, 0x00000000e4d00000|  0%| F|  |TAMS 0x00000000e4c00000, 0x00000000e4c00000| Untracked 
|  77|0x00000000e4d00000, 0x00000000e4d00000, 0x00000000e4e00000|  0%| F|  |TAMS 0x00000000e4d00000, 0x00000000e4d00000| Untracked 
|  78|0x00000000e4e00000, 0x00000000e4e00000, 0x00000000e4f00000|  0%| F|  |TAMS 0x00000000e4e00000, 0x00000000e4e00000| Untracked 
|  79|0x00000000e4f00000, 0x00000000e4f00000, 0x00000000e5000000|  0%| F|  |TAMS 0x00000000e4f00000, 0x00000000e4f00000| Untracked 
|  80|0x00000000e5000000, 0x00000000e5000000, 0x00000000e5100000|  0%| F|  |TAMS 0x00000000e5000000, 0x00000000e5000000| Untracked 
|  81|0x00000000e5100000, 0x00000000e5100000, 0x00000000e5200000|  0%| F|  |TAMS 0x00000000e5100000, 0x00000000e5100000| Untracked 
|  82|0x00000000e5200000, 0x00000000e5200000, 0x00000000e5300000|  0%| F|  |TAMS 0x00000000e5200000, 0x00000000e5200000| Untracked 
|  83|0x00000000e5300000, 0x00000000e5300000, 0x00000000e5400000|  0%| F|  |TAMS 0x00000000e5300000, 0x00000000e5300000| Untracked 
|  84|0x00000000e5400000, 0x00000000e5400000, 0x00000000e5500000|  0%| F|  |TAMS 0x00000000e5400000, 0x00000000e5400000| Untracked 
|  85|0x00000000e5500000, 0x00000000e5500000, 0x00000000e5600000|  0%| F|  |TAMS 0x00000000e5500000, 0x00000000e5500000| Untracked 
|  86|0x00000000e5600000, 0x00000000e5600000, 0x00000000e5700000|  0%| F|  |TAMS 0x00000000e5600000, 0x00000000e5600000| Untracked 
|  87|0x00000000e5700000, 0x00000000e5700000, 0x00000000e5800000|  0%| F|  |TAMS 0x00000000e5700000, 0x00000000e5700000| Untracked 
|  88|0x00000000e5800000, 0x00000000e5800000, 0x00000000e5900000|  0%| F|  |TAMS 0x00000000e5800000, 0x00000000e5800000| Untracked 
|  89|0x00000000e5900000, 0x00000000e5900000, 0x00000000e5a00000|  0%| F|  |TAMS 0x00000000e5900000, 0x00000000e5900000| Untracked 
|  90|0x00000000e5a00000, 0x00000000e5a00000, 0x00000000e5b00000|  0%| F|  |TAMS 0x00000000e5a00000, 0x00000000e5a00000| Untracked 
|  91|0x00000000e5b00000, 0x00000000e5b00000, 0x00000000e5c00000|  0%| F|  |TAMS 0x00000000e5b00000, 0x00000000e5b00000| Untracked 
|  92|0x00000000e5c00000, 0x00000000e5c00000, 0x00000000e5d00000|  0%| F|  |TAMS 0x00000000e5c00000, 0x00000000e5c00000| Untracked 
|  93|0x00000000e5d00000, 0x00000000e5d00000, 0x00000000e5e00000|  0%| F|  |TAMS 0x00000000e5d00000, 0x00000000e5d00000| Untracked 
|  94|0x00000000e5e00000, 0x00000000e5e00000, 0x00000000e5f00000|  0%| F|  |TAMS 0x00000000e5e00000, 0x00000000e5e00000| Untracked 
|  95|0x00000000e5f00000, 0x00000000e5f00000, 0x00000000e6000000|  0%| F|  |TAMS 0x00000000e5f00000, 0x00000000e5f00000| Untracked 
|  96|0x00000000e6000000, 0x00000000e6000000, 0x00000000e6100000|  0%| F|  |TAMS 0x00000000e6000000, 0x00000000e6000000| Untracked 
|  97|0x00000000e6100000, 0x00000000e6100000, 0x00000000e6200000|  0%| F|  |TAMS 0x00000000e6100000, 0x00000000e6100000| Untracked 
|  98|0x00000000e6200000, 0x00000000e6200000, 0x00000000e6300000|  0%| F|  |TAMS 0x00000000e6200000, 0x00000000e6200000| Untracked 
|  99|0x00000000e6300000, 0x00000000e6300000, 0x00000000e6400000|  0%| F|  |TAMS 0x00000000e6300000, 0x00000000e6300000| Untracked 
| 100|0x00000000e6400000, 0x00000000e6400000, 0x00000000e6500000|  0%| F|  |TAMS 0x00000000e6400000, 0x00000000e6400000| Untracked 
| 101|0x00000000e6500000, 0x00000000e6500000, 0x00000000e6600000|  0%| F|  |TAMS 0x00000000e6500000, 0x00000000e6500000| Untracked 
| 102|0x00000000e6600000, 0x00000000e6600000, 0x00000000e6700000|  0%| F|  |TAMS 0x00000000e6600000, 0x00000000e6600000| Untracked 
| 103|0x00000000e6700000, 0x00000000e6700000, 0x00000000e6800000|  0%| F|  |TAMS 0x00000000e6700000, 0x00000000e6700000| Untracked 
| 104|0x00000000e6800000, 0x00000000e6800000, 0x00000000e6900000|  0%| F|  |TAMS 0x00000000e6800000, 0x00000000e6800000| Untracked 
| 105|0x00000000e6900000, 0x00000000e6900000, 0x00000000e6a00000|  0%| F|  |TAMS 0x00000000e6900000, 0x00000000e6900000| Untracked 
| 106|0x00000000e6a00000, 0x00000000e6a00000, 0x00000000e6b00000|  0%| F|  |TAMS 0x00000000e6a00000, 0x00000000e6a00000| Untracked 
| 107|0x00000000e6b00000, 0x00000000e6b00000, 0x00000000e6c00000|  0%| F|  |TAMS 0x00000000e6b00000, 0x00000000e6b00000| Untracked 
| 108|0x00000000e6c00000, 0x00000000e6c00000, 0x00000000e6d00000|  0%| F|  |TAMS 0x00000000e6c00000, 0x00000000e6c00000| Untracked 
| 109|0x00000000e6d00000, 0x00000000e6d00000, 0x00000000e6e00000|  0%| F|  |TAMS 0x00000000e6d00000, 0x00000000e6d00000| Untracked 
| 110|0x00000000e6e00000, 0x00000000e6e00000, 0x00000000e6f00000|  0%| F|  |TAMS 0x00000000e6e00000, 0x00000000e6e00000| Untracked 
| 111|0x00000000e6f00000, 0x00000000e6f00000, 0x00000000e7000000|  0%| F|  |TAMS 0x00000000e6f00000, 0x00000000e6f00000| Untracked 
| 112|0x00000000e7000000, 0x00000000e7000000, 0x00000000e7100000|  0%| F|  |TAMS 0x00000000e7000000, 0x00000000e7000000| Untracked 
| 113|0x00000000e7100000, 0x00000000e7100000, 0x00000000e7200000|  0%| F|  |TAMS 0x00000000e7100000, 0x00000000e7100000| Untracked 
| 114|0x00000000e7200000, 0x00000000e7200000, 0x00000000e7300000|  0%| F|  |TAMS 0x00000000e7200000, 0x00000000e7200000| Untracked 
| 115|0x00000000e7300000, 0x00000000e7300000, 0x00000000e7400000|  0%| F|  |TAMS 0x00000000e7300000, 0x00000000e7300000| Untracked 
| 116|0x00000000e7400000, 0x00000000e7400000, 0x00000000e7500000|  0%| F|  |TAMS 0x00000000e7400000, 0x00000000e7400000| Untracked 
| 117|0x00000000e7500000, 0x00000000e7500000, 0x00000000e7600000|  0%| F|  |TAMS 0x00000000e7500000, 0x00000000e7500000| Untracked 
| 118|0x00000000e7600000, 0x00000000e7600000, 0x00000000e7700000|  0%| F|  |TAMS 0x00000000e7600000, 0x00000000e7600000| Untracked 
| 119|0x00000000e7700000, 0x00000000e7780800, 0x00000000e7800000| 50%| E|  |TAMS 0x00000000e7700000, 0x00000000e7700000| Complete 
| 120|0x00000000e7800000, 0x00000000e7900000, 0x00000000e7900000|100%| E|CS|TAMS 0x00000000e7800000, 0x00000000e7800000| Complete 
| 121|0x00000000e7900000, 0x00000000e7a00000, 0x00000000e7a00000|100%| E|CS|TAMS 0x00000000e7900000, 0x00000000e7900000| Complete 
| 122|0x00000000e7a00000, 0x00000000e7b00000, 0x00000000e7b00000|100%| E|CS|TAMS 0x00000000e7a00000, 0x00000000e7a00000| Complete 
| 123|0x00000000e7b00000, 0x00000000e7c00000, 0x00000000e7c00000|100%| E|CS|TAMS 0x00000000e7b00000, 0x00000000e7b00000| Complete 
| 124|0x00000000e7c00000, 0x00000000e7d00000, 0x00000000e7d00000|100%| E|CS|TAMS 0x00000000e7c00000, 0x00000000e7c00000| Complete 
| 125|0x00000000e7d00000, 0x00000000e7e00000, 0x00000000e7e00000|100%| E|CS|TAMS 0x00000000e7d00000, 0x00000000e7d00000| Complete 
| 126|0x00000000e7e00000, 0x00000000e7f00000, 0x00000000e7f00000|100%| E|CS|TAMS 0x00000000e7e00000, 0x00000000e7e00000| Complete 
| 127|0x00000000e7f00000, 0x00000000e8000000, 0x00000000e8000000|100%| E|CS|TAMS 0x00000000e7f00000, 0x00000000e7f00000| Complete 
| 128|0x00000000e8000000, 0x00000000e8100000, 0x00000000e8100000|100%| E|CS|TAMS 0x00000000e8000000, 0x00000000e8000000| Complete 
| 129|0x00000000e8100000, 0x00000000e8200000, 0x00000000e8200000|100%| E|CS|TAMS 0x00000000e8100000, 0x00000000e8100000| Complete 
| 130|0x00000000e8200000, 0x00000000e8300000, 0x00000000e8300000|100%| E|CS|TAMS 0x00000000e8200000, 0x00000000e8200000| Complete 
| 131|0x00000000e8300000, 0x00000000e8400000, 0x00000000e8400000|100%| E|CS|TAMS 0x00000000e8300000, 0x00000000e8300000| Complete 
| 132|0x00000000e8400000, 0x00000000e8500000, 0x00000000e8500000|100%| E|CS|TAMS 0x00000000e8400000, 0x00000000e8400000| Complete 
| 133|0x00000000e8500000, 0x00000000e8600000, 0x00000000e8600000|100%| E|CS|TAMS 0x00000000e8500000, 0x00000000e8500000| Complete 
| 134|0x00000000e8600000, 0x00000000e8700000, 0x00000000e8700000|100%| E|CS|TAMS 0x00000000e8600000, 0x00000000e8600000| Complete 
| 135|0x00000000e8700000, 0x00000000e8800000, 0x00000000e8800000|100%| E|CS|TAMS 0x00000000e8700000, 0x00000000e8700000| Complete 
| 136|0x00000000e8800000, 0x00000000e8900000, 0x00000000e8900000|100%| E|CS|TAMS 0x00000000e8800000, 0x00000000e8800000| Complete 
| 137|0x00000000e8900000, 0x00000000e8a00000, 0x00000000e8a00000|100%| E|CS|TAMS 0x00000000e8900000, 0x00000000e8900000| Complete 
| 138|0x00000000e8a00000, 0x00000000e8b00000, 0x00000000e8b00000|100%| E|CS|TAMS 0x00000000e8a00000, 0x00000000e8a00000| Complete 
| 139|0x00000000e8b00000, 0x00000000e8c00000, 0x00000000e8c00000|100%| E|CS|TAMS 0x00000000e8b00000, 0x00000000e8b00000| Complete 
| 140|0x00000000e8c00000, 0x00000000e8d00000, 0x00000000e8d00000|100%| E|CS|TAMS 0x00000000e8c00000, 0x00000000e8c00000| Complete 
| 141|0x00000000e8d00000, 0x00000000e8e00000, 0x00000000e8e00000|100%| E|CS|TAMS 0x00000000e8d00000, 0x00000000e8d00000| Complete 
| 142|0x00000000e8e00000, 0x00000000e8f00000, 0x00000000e8f00000|100%| E|CS|TAMS 0x00000000e8e00000, 0x00000000e8e00000| Complete 
| 143|0x00000000e8f00000, 0x00000000e9000000, 0x00000000e9000000|100%| E|CS|TAMS 0x00000000e8f00000, 0x00000000e8f00000| Complete 
| 144|0x00000000e9000000, 0x00000000e9100000, 0x00000000e9100000|100%| E|CS|TAMS 0x00000000e9000000, 0x00000000e9000000| Complete 
| 145|0x00000000e9100000, 0x00000000e9200000, 0x00000000e9200000|100%| E|CS|TAMS 0x00000000e9100000, 0x00000000e9100000| Complete 
| 146|0x00000000e9200000, 0x00000000e9300000, 0x00000000e9300000|100%| E|CS|TAMS 0x00000000e9200000, 0x00000000e9200000| Complete 
| 147|0x00000000e9300000, 0x00000000e9400000, 0x00000000e9400000|100%| E|CS|TAMS 0x00000000e9300000, 0x00000000e9300000| Complete 
| 148|0x00000000e9400000, 0x00000000e9500000, 0x00000000e9500000|100%| E|CS|TAMS 0x00000000e9400000, 0x00000000e9400000| Complete 
| 149|0x00000000e9500000, 0x00000000e9600000, 0x00000000e9600000|100%| E|CS|TAMS 0x00000000e9500000, 0x00000000e9500000| Complete 
| 150|0x00000000e9600000, 0x00000000e9700000, 0x00000000e9700000|100%| E|CS|TAMS 0x00000000e9600000, 0x00000000e9600000| Complete 
| 151|0x00000000e9700000, 0x00000000e9800000, 0x00000000e9800000|100%| E|CS|TAMS 0x00000000e9700000, 0x00000000e9700000| Complete 
| 152|0x00000000e9800000, 0x00000000e9900000, 0x00000000e9900000|100%| E|CS|TAMS 0x00000000e9800000, 0x00000000e9800000| Complete 
| 153|0x00000000e9900000, 0x00000000e9a00000, 0x00000000e9a00000|100%| E|CS|TAMS 0x00000000e9900000, 0x00000000e9900000| Complete 
| 154|0x00000000e9a00000, 0x00000000e9b00000, 0x00000000e9b00000|100%| E|CS|TAMS 0x00000000e9a00000, 0x00000000e9a00000| Complete 
| 155|0x00000000e9b00000, 0x00000000e9c00000, 0x00000000e9c00000|100%| E|CS|TAMS 0x00000000e9b00000, 0x00000000e9b00000| Complete 
| 156|0x00000000e9c00000, 0x00000000e9d00000, 0x00000000e9d00000|100%| E|CS|TAMS 0x00000000e9c00000, 0x00000000e9c00000| Complete 
| 157|0x00000000e9d00000, 0x00000000e9e00000, 0x00000000e9e00000|100%| E|CS|TAMS 0x00000000e9d00000, 0x00000000e9d00000| Complete 
| 158|0x00000000e9e00000, 0x00000000e9f00000, 0x00000000e9f00000|100%| E|CS|TAMS 0x00000000e9e00000, 0x00000000e9e00000| Complete 
| 159|0x00000000e9f00000, 0x00000000ea000000, 0x00000000ea000000|100%| E|CS|TAMS 0x00000000e9f00000, 0x00000000e9f00000| Complete 
| 160|0x00000000ea000000, 0x00000000ea100000, 0x00000000ea100000|100%| E|CS|TAMS 0x00000000ea000000, 0x00000000ea000000| Complete 
| 161|0x00000000ea100000, 0x00000000ea200000, 0x00000000ea200000|100%| E|CS|TAMS 0x00000000ea100000, 0x00000000ea100000| Complete 
| 162|0x00000000ea200000, 0x00000000ea300000, 0x00000000ea300000|100%| E|CS|TAMS 0x00000000ea200000, 0x00000000ea200000| Complete 
| 163|0x00000000ea300000, 0x00000000ea400000, 0x00000000ea400000|100%| E|CS|TAMS 0x00000000ea300000, 0x00000000ea300000| Complete 
| 164|0x00000000ea400000, 0x00000000ea500000, 0x00000000ea500000|100%| E|CS|TAMS 0x00000000ea400000, 0x00000000ea400000| Complete 
| 165|0x00000000ea500000, 0x00000000ea600000, 0x00000000ea600000|100%| E|CS|TAMS 0x00000000ea500000, 0x00000000ea500000| Complete 
| 166|0x00000000ea600000, 0x00000000ea700000, 0x00000000ea700000|100%| E|CS|TAMS 0x00000000ea600000, 0x00000000ea600000| Complete 
| 167|0x00000000ea700000, 0x00000000ea800000, 0x00000000ea800000|100%| E|CS|TAMS 0x00000000ea700000, 0x00000000ea700000| Complete 
| 168|0x00000000ea800000, 0x00000000ea900000, 0x00000000ea900000|100%| E|CS|TAMS 0x00000000ea800000, 0x00000000ea800000| Complete 
| 169|0x00000000ea900000, 0x00000000eaa00000, 0x00000000eaa00000|100%| E|CS|TAMS 0x00000000ea900000, 0x00000000ea900000| Complete 
| 170|0x00000000eaa00000, 0x00000000eab00000, 0x00000000eab00000|100%| E|CS|TAMS 0x00000000eaa00000, 0x00000000eaa00000| Complete 
| 171|0x00000000eab00000, 0x00000000eac00000, 0x00000000eac00000|100%| E|CS|TAMS 0x00000000eab00000, 0x00000000eab00000| Complete 
| 172|0x00000000eac00000, 0x00000000ead00000, 0x00000000ead00000|100%| E|CS|TAMS 0x00000000eac00000, 0x00000000eac00000| Complete 
| 173|0x00000000ead00000, 0x00000000eae00000, 0x00000000eae00000|100%| E|CS|TAMS 0x00000000ead00000, 0x00000000ead00000| Complete 
| 174|0x00000000eae00000, 0x00000000eaf00000, 0x00000000eaf00000|100%| S|CS|TAMS 0x00000000eae00000, 0x00000000eae00000| Complete 
| 175|0x00000000eaf00000, 0x00000000eb000000, 0x00000000eb000000|100%| S|CS|TAMS 0x00000000eaf00000, 0x00000000eaf00000| Complete 
| 176|0x00000000eb000000, 0x00000000eb100000, 0x00000000eb100000|100%| S|CS|TAMS 0x00000000eb000000, 0x00000000eb000000| Complete 
| 177|0x00000000eb100000, 0x00000000eb200000, 0x00000000eb200000|100%| S|CS|TAMS 0x00000000eb100000, 0x00000000eb100000| Complete 
| 178|0x00000000eb200000, 0x00000000eb300000, 0x00000000eb300000|100%| S|CS|TAMS 0x00000000eb200000, 0x00000000eb200000| Complete 
| 179|0x00000000eb300000, 0x00000000eb400000, 0x00000000eb400000|100%| S|CS|TAMS 0x00000000eb300000, 0x00000000eb300000| Complete 
| 180|0x00000000eb400000, 0x00000000eb500000, 0x00000000eb500000|100%| S|CS|TAMS 0x00000000eb400000, 0x00000000eb400000| Complete 
| 181|0x00000000eb500000, 0x00000000eb600000, 0x00000000eb600000|100%| S|CS|TAMS 0x00000000eb500000, 0x00000000eb500000| Complete 
| 182|0x00000000eb600000, 0x00000000eb700000, 0x00000000eb700000|100%| S|CS|TAMS 0x00000000eb600000, 0x00000000eb600000| Complete 
| 183|0x00000000eb700000, 0x00000000eb800000, 0x00000000eb800000|100%| S|CS|TAMS 0x00000000eb700000, 0x00000000eb700000| Complete 
| 184|0x00000000eb800000, 0x00000000eb900000, 0x00000000eb900000|100%| S|CS|TAMS 0x00000000eb800000, 0x00000000eb800000| Complete 
| 185|0x00000000eb900000, 0x00000000eba00000, 0x00000000eba00000|100%| S|CS|TAMS 0x00000000eb900000, 0x00000000eb900000| Complete 
| 186|0x00000000eba00000, 0x00000000ebb00000, 0x00000000ebb00000|100%| S|CS|TAMS 0x00000000eba00000, 0x00000000eba00000| Complete 
| 187|0x00000000ebb00000, 0x00000000ebc00000, 0x00000000ebc00000|100%| S|CS|TAMS 0x00000000ebb00000, 0x00000000ebb00000| Complete 
| 188|0x00000000ebc00000, 0x00000000ebd00000, 0x00000000ebd00000|100%| S|CS|TAMS 0x00000000ebc00000, 0x00000000ebc00000| Complete 
| 189|0x00000000ebd00000, 0x00000000ebe00000, 0x00000000ebe00000|100%| S|CS|TAMS 0x00000000ebd00000, 0x00000000ebd00000| Complete 
| 190|0x00000000ebe00000, 0x00000000ebf00000, 0x00000000ebf00000|100%| E|CS|TAMS 0x00000000ebe00000, 0x00000000ebe00000| Complete 
| 191|0x00000000ebf00000, 0x00000000ec000000, 0x00000000ec000000|100%| E|CS|TAMS 0x00000000ebf00000, 0x00000000ebf00000| Complete 
| 192|0x00000000ec000000, 0x00000000ec100000, 0x00000000ec100000|100%| E|CS|TAMS 0x00000000ec000000, 0x00000000ec000000| Complete 
| 193|0x00000000ec100000, 0x00000000ec200000, 0x00000000ec200000|100%| E|CS|TAMS 0x00000000ec100000, 0x00000000ec100000| Complete 
| 194|0x00000000ec200000, 0x00000000ec300000, 0x00000000ec300000|100%| E|CS|TAMS 0x00000000ec200000, 0x00000000ec200000| Complete 
| 195|0x00000000ec300000, 0x00000000ec400000, 0x00000000ec400000|100%| E|CS|TAMS 0x00000000ec300000, 0x00000000ec300000| Complete 
| 196|0x00000000ec400000, 0x00000000ec500000, 0x00000000ec500000|100%| E|CS|TAMS 0x00000000ec400000, 0x00000000ec400000| Complete 
| 197|0x00000000ec500000, 0x00000000ec600000, 0x00000000ec600000|100%| E|CS|TAMS 0x00000000ec500000, 0x00000000ec500000| Complete 
| 198|0x00000000ec600000, 0x00000000ec700000, 0x00000000ec700000|100%| E|CS|TAMS 0x00000000ec600000, 0x00000000ec600000| Complete 
| 199|0x00000000ec700000, 0x00000000ec800000, 0x00000000ec800000|100%| E|CS|TAMS 0x00000000ec700000, 0x00000000ec700000| Complete 
| 200|0x00000000ec800000, 0x00000000ec900000, 0x00000000ec900000|100%| E|CS|TAMS 0x00000000ec800000, 0x00000000ec800000| Complete 
| 201|0x00000000ec900000, 0x00000000eca00000, 0x00000000eca00000|100%| E|CS|TAMS 0x00000000ec900000, 0x00000000ec900000| Complete 
| 202|0x00000000eca00000, 0x00000000ecb00000, 0x00000000ecb00000|100%| E|CS|TAMS 0x00000000eca00000, 0x00000000eca00000| Complete 
| 203|0x00000000ecb00000, 0x00000000ecc00000, 0x00000000ecc00000|100%| E|CS|TAMS 0x00000000ecb00000, 0x00000000ecb00000| Complete 
| 204|0x00000000ecc00000, 0x00000000ecd00000, 0x00000000ecd00000|100%| E|CS|TAMS 0x00000000ecc00000, 0x00000000ecc00000| Complete 
| 205|0x00000000ecd00000, 0x00000000ece00000, 0x00000000ece00000|100%| E|CS|TAMS 0x00000000ecd00000, 0x00000000ecd00000| Complete 
| 206|0x00000000ece00000, 0x00000000ecf00000, 0x00000000ecf00000|100%| E|CS|TAMS 0x00000000ece00000, 0x00000000ece00000| Complete 
| 207|0x00000000ecf00000, 0x00000000ed000000, 0x00000000ed000000|100%| E|CS|TAMS 0x00000000ecf00000, 0x00000000ecf00000| Complete 
| 208|0x00000000ed000000, 0x00000000ed100000, 0x00000000ed100000|100%| E|CS|TAMS 0x00000000ed000000, 0x00000000ed000000| Complete 
| 209|0x00000000ed100000, 0x00000000ed200000, 0x00000000ed200000|100%| E|CS|TAMS 0x00000000ed100000, 0x00000000ed100000| Complete 
| 210|0x00000000ed200000, 0x00000000ed300000, 0x00000000ed300000|100%| E|CS|TAMS 0x00000000ed200000, 0x00000000ed200000| Complete 
| 211|0x00000000ed300000, 0x00000000ed400000, 0x00000000ed400000|100%| E|CS|TAMS 0x00000000ed300000, 0x00000000ed300000| Complete 
| 212|0x00000000ed400000, 0x00000000ed500000, 0x00000000ed500000|100%| E|CS|TAMS 0x00000000ed400000, 0x00000000ed400000| Complete 
| 213|0x00000000ed500000, 0x00000000ed600000, 0x00000000ed600000|100%| E|CS|TAMS 0x00000000ed500000, 0x00000000ed500000| Complete 
| 214|0x00000000ed600000, 0x00000000ed700000, 0x00000000ed700000|100%| E|CS|TAMS 0x00000000ed600000, 0x00000000ed600000| Complete 
| 215|0x00000000ed700000, 0x00000000ed800000, 0x00000000ed800000|100%| E|CS|TAMS 0x00000000ed700000, 0x00000000ed700000| Complete 
| 216|0x00000000ed800000, 0x00000000ed900000, 0x00000000ed900000|100%| E|CS|TAMS 0x00000000ed800000, 0x00000000ed800000| Complete 
| 217|0x00000000ed900000, 0x00000000eda00000, 0x00000000eda00000|100%| E|CS|TAMS 0x00000000ed900000, 0x00000000ed900000| Complete 
| 218|0x00000000eda00000, 0x00000000edb00000, 0x00000000edb00000|100%| E|CS|TAMS 0x00000000eda00000, 0x00000000eda00000| Complete 
| 219|0x00000000edb00000, 0x00000000edc00000, 0x00000000edc00000|100%| E|CS|TAMS 0x00000000edb00000, 0x00000000edb00000| Complete 
| 220|0x00000000edc00000, 0x00000000edd00000, 0x00000000edd00000|100%| E|CS|TAMS 0x00000000edc00000, 0x00000000edc00000| Complete 
| 221|0x00000000edd00000, 0x00000000ede00000, 0x00000000ede00000|100%| E|CS|TAMS 0x00000000edd00000, 0x00000000edd00000| Complete 
| 222|0x00000000ede00000, 0x00000000edf00000, 0x00000000edf00000|100%| E|CS|TAMS 0x00000000ede00000, 0x00000000ede00000| Complete 
| 223|0x00000000edf00000, 0x00000000ee000000, 0x00000000ee000000|100%| E|CS|TAMS 0x00000000edf00000, 0x00000000edf00000| Complete 
| 224|0x00000000ee000000, 0x00000000ee100000, 0x00000000ee100000|100%| E|CS|TAMS 0x00000000ee000000, 0x00000000ee000000| Complete 
| 225|0x00000000ee100000, 0x00000000ee200000, 0x00000000ee200000|100%| E|CS|TAMS 0x00000000ee100000, 0x00000000ee100000| Complete 
| 226|0x00000000ee200000, 0x00000000ee300000, 0x00000000ee300000|100%| E|CS|TAMS 0x00000000ee200000, 0x00000000ee200000| Complete 
| 227|0x00000000ee300000, 0x00000000ee400000, 0x00000000ee400000|100%| E|CS|TAMS 0x00000000ee300000, 0x00000000ee300000| Complete 
| 228|0x00000000ee400000, 0x00000000ee500000, 0x00000000ee500000|100%| E|CS|TAMS 0x00000000ee400000, 0x00000000ee400000| Complete 
| 229|0x00000000ee500000, 0x00000000ee600000, 0x00000000ee600000|100%| E|CS|TAMS 0x00000000ee500000, 0x00000000ee500000| Complete 
| 230|0x00000000ee600000, 0x00000000ee700000, 0x00000000ee700000|100%| E|CS|TAMS 0x00000000ee600000, 0x00000000ee600000| Complete 
| 231|0x00000000ee700000, 0x00000000ee800000, 0x00000000ee800000|100%| E|CS|TAMS 0x00000000ee700000, 0x00000000ee700000| Complete 
| 232|0x00000000ee800000, 0x00000000ee900000, 0x00000000ee900000|100%| E|CS|TAMS 0x00000000ee800000, 0x00000000ee800000| Complete 
| 233|0x00000000ee900000, 0x00000000eea00000, 0x00000000eea00000|100%| E|CS|TAMS 0x00000000ee900000, 0x00000000ee900000| Complete 
| 234|0x00000000eea00000, 0x00000000eeb00000, 0x00000000eeb00000|100%| E|CS|TAMS 0x00000000eea00000, 0x00000000eea00000| Complete 
| 235|0x00000000eeb00000, 0x00000000eec00000, 0x00000000eec00000|100%| E|CS|TAMS 0x00000000eeb00000, 0x00000000eeb00000| Complete 
| 236|0x00000000eec00000, 0x00000000eed00000, 0x00000000eed00000|100%| E|CS|TAMS 0x00000000eec00000, 0x00000000eec00000| Complete 
| 237|0x00000000eed00000, 0x00000000eee00000, 0x00000000eee00000|100%| E|CS|TAMS 0x00000000eed00000, 0x00000000eed00000| Complete 
| 238|0x00000000eee00000, 0x00000000eef00000, 0x00000000eef00000|100%| E|CS|TAMS 0x00000000eee00000, 0x00000000eee00000| Complete 
| 239|0x00000000eef00000, 0x00000000ef000000, 0x00000000ef000000|100%| E|CS|TAMS 0x00000000eef00000, 0x00000000eef00000| Complete 
| 240|0x00000000ef000000, 0x00000000ef100000, 0x00000000ef100000|100%| E|CS|TAMS 0x00000000ef000000, 0x00000000ef000000| Complete 
| 241|0x00000000ef100000, 0x00000000ef200000, 0x00000000ef200000|100%| E|CS|TAMS 0x00000000ef100000, 0x00000000ef100000| Complete 
| 242|0x00000000ef200000, 0x00000000ef300000, 0x00000000ef300000|100%| E|CS|TAMS 0x00000000ef200000, 0x00000000ef200000| Complete 
| 243|0x00000000ef300000, 0x00000000ef400000, 0x00000000ef400000|100%| E|CS|TAMS 0x00000000ef300000, 0x00000000ef300000| Complete 
| 244|0x00000000ef400000, 0x00000000ef500000, 0x00000000ef500000|100%| E|CS|TAMS 0x00000000ef400000, 0x00000000ef400000| Complete 
| 245|0x00000000ef500000, 0x00000000ef600000, 0x00000000ef600000|100%| E|CS|TAMS 0x00000000ef500000, 0x00000000ef500000| Complete 
| 246|0x00000000ef600000, 0x00000000ef700000, 0x00000000ef700000|100%| E|CS|TAMS 0x00000000ef600000, 0x00000000ef600000| Complete 
| 247|0x00000000ef700000, 0x00000000ef800000, 0x00000000ef800000|100%| E|CS|TAMS 0x00000000ef700000, 0x00000000ef700000| Complete 
| 248|0x00000000ef800000, 0x00000000ef900000, 0x00000000ef900000|100%| E|CS|TAMS 0x00000000ef800000, 0x00000000ef800000| Complete 
| 249|0x00000000ef900000, 0x00000000efa00000, 0x00000000efa00000|100%| E|CS|TAMS 0x00000000ef900000, 0x00000000ef900000| Complete 
| 250|0x00000000efa00000, 0x00000000efb00000, 0x00000000efb00000|100%| E|CS|TAMS 0x00000000efa00000, 0x00000000efa00000| Complete 
| 251|0x00000000efb00000, 0x00000000efc00000, 0x00000000efc00000|100%| E|CS|TAMS 0x00000000efb00000, 0x00000000efb00000| Complete 
| 252|0x00000000efc00000, 0x00000000efd00000, 0x00000000efd00000|100%| E|CS|TAMS 0x00000000efc00000, 0x00000000efc00000| Complete 
| 253|0x00000000efd00000, 0x00000000efe00000, 0x00000000efe00000|100%| E|CS|TAMS 0x00000000efd00000, 0x00000000efd00000| Complete 
| 254|0x00000000efe00000, 0x00000000eff00000, 0x00000000eff00000|100%| E|CS|TAMS 0x00000000efe00000, 0x00000000efe00000| Complete 
| 255|0x00000000eff00000, 0x00000000f0000000, 0x00000000f0000000|100%| E|CS|TAMS 0x00000000eff00000, 0x00000000eff00000| Complete 

Card table byte_map: [0x0000024f6fce0000,0x0000024f6fde0000] _byte_map_base: 0x0000024f6f5e0000

Marking Bits (Prev, Next): (CMBitMap*) 0x0000024f589d9ca0, (CMBitMap*) 0x0000024f589d9c68
 Prev Bits: [0x0000024f706e0000, 0x0000024f70ee0000)
 Next Bits: [0x0000024f6fee0000, 0x0000024f706e0000)

Polling page: 0x0000024f569a0000

Metaspace:

Usage:
  Non-class:     57.09 MB capacity,    55.90 MB ( 98%) used,     1.05 MB (  2%) free+waste,   153.69 KB ( <1%) overhead. 
      Class:      8.68 MB capacity,     8.08 MB ( 93%) used,   540.78 KB (  6%) free+waste,    71.94 KB ( <1%) overhead. 
       Both:     65.77 MB capacity,    63.98 MB ( 97%) used,     1.58 MB (  2%) free+waste,   225.63 KB ( <1%) overhead. 

Virtual space:
  Non-class space:       58.00 MB reserved,      57.17 MB ( 99%) committed 
      Class space:      248.00 MB reserved,       8.73 MB (  4%) committed 
             Both:      306.00 MB reserved,      65.90 MB ( 22%) committed 

Chunk freelists:
   Non-Class:  2.13 KB
       Class:  0 bytes
        Both:  2.13 KB

CodeHeap 'non-profiled nmethods': size=120064Kb used=4666Kb max_used=4666Kb free=115397Kb
 bounds [0x0000024f687a0000, 0x0000024f68c30000, 0x0000024f6fce0000]
CodeHeap 'profiled nmethods': size=120000Kb used=17299Kb max_used=17299Kb free=102700Kb
 bounds [0x0000024f61270000, 0x0000024f62370000, 0x0000024f687a0000]
CodeHeap 'non-nmethods': size=5696Kb used=2267Kb max_used=2315Kb free=3429Kb
 bounds [0x0000024f60ce0000, 0x0000024f60f50000, 0x0000024f61270000]
 total_blobs=11112 nmethods=7418 adapters=764
 compilation: enabled
              stopped_count=0, restarted_count=0
 full_count=0

Compilation events (10 events):
Event: 71.031 Thread 0x0000024f73514800 8153       1       io.spring.gradle.dependencymanagement.org.apache.maven.model.ModelBase::setRepositories (6 bytes)
Event: 71.031 Thread 0x0000024f73514800 nmethod 8153 0x0000024f68c21b10 code [0x0000024f68c21cc0, 0x0000024f68c21e18]
Event: 71.098 Thread 0x0000024f769fa800 nmethod 8103 0x0000024f68c21e90 code [0x0000024f68c222c0, 0x0000024f68c25fc8]
Event: 71.098 Thread 0x0000024f769fa800 8147       4       java.util.regex.Pattern::escape (1323 bytes)
Event: 71.119 Thread 0x0000024f73514800 8154       1       io.spring.gradle.dependencymanagement.org.apache.maven.model.building.ModelCacheTag$2::getType (3 bytes)
Event: 71.119 Thread 0x0000024f73514800 nmethod 8154 0x0000024f68c27f90 code [0x0000024f68c28140, 0x0000024f68c28258]
Event: 71.249 Thread 0x0000024f73514800 8156       1       io.spring.gradle.dependencymanagement.org.apache.maven.model.ModelBase::setPluginRepositories (6 bytes)
Event: 71.249 Thread 0x0000024f73514800 nmethod 8156 0x0000024f68c28310 code [0x0000024f68c284c0, 0x0000024f68c28618]
Event: 71.253 Thread 0x0000024f73514800 8157       3       java.lang.Runtime::getRuntime (4 bytes)
Event: 71.253 Thread 0x0000024f73514800 nmethod 8157 0x0000024f61ae8f10 code [0x0000024f61ae90c0, 0x0000024f61ae9218]

GC Heap History (10 events):
Event: 18.203 GC heap before
{Heap before GC invocations=6 (full 0):
 garbage-first heap   total 262144K, used 73149K [0x00000000e0000000, 0x0000000100000000)
  region size 1024K, 62 young (63488K), 7 survivors (7168K)
 Metaspace       used 26802K, capacity 27437K, committed 27696K, reserved 278528K
  class space    used 3437K, capacity 3635K, committed 3712K, reserved 253952K
}
Event: 18.220 GC heap after
{Heap after GC invocations=7 (full 0):
 garbage-first heap   total 262144K, used 18641K [0x00000000e0000000, 0x0000000100000000)
  region size 1024K, 3 young (3072K), 3 survivors (3072K)
 Metaspace       used 26802K, capacity 27437K, committed 27696K, reserved 278528K
  class space    used 3437K, capacity 3635K, committed 3712K, reserved 253952K
}
Event: 22.754 GC heap before
{Heap before GC invocations=7 (full 0):
 garbage-first heap   total 262144K, used 64721K [0x00000000e0000000, 0x0000000100000000)
  region size 1024K, 47 young (48128K), 3 survivors (3072K)
 Metaspace       used 35060K, capacity 35773K, committed 35888K, reserved 286720K
  class space    used 4376K, capacity 4624K, committed 4736K, reserved 253952K
}
Event: 22.778 GC heap after
{Heap after GC invocations=8 (full 0):
 garbage-first heap   total 262144K, used 24241K [0x00000000e0000000, 0x0000000100000000)
  region size 1024K, 7 young (7168K), 7 survivors (7168K)
 Metaspace       used 35060K, capacity 35773K, committed 35888K, reserved 286720K
  class space    used 4376K, capacity 4624K, committed 4736K, reserved 253952K
}
Event: 29.004 GC heap before
{Heap before GC invocations=9 (full 0):
 garbage-first heap   total 262144K, used 102065K [0x00000000e0000000, 0x0000000100000000)
  region size 1024K, 84 young (86016K), 7 survivors (7168K)
 Metaspace       used 43369K, capacity 44321K, committed 44464K, reserved 292864K
  class space    used 5461K, capacity 5763K, committed 5888K, reserved 253952K
}
Event: 29.055 GC heap after
{Heap after GC invocations=10 (full 0):
 garbage-first heap   total 262144K, used 25899K [0x00000000e0000000, 0x0000000100000000)
  region size 1024K, 10 young (10240K), 10 survivors (10240K)
 Metaspace       used 43369K, capacity 44321K, committed 44464K, reserved 292864K
  class space    used 5461K, capacity 5763K, committed 5888K, reserved 253952K
}
Event: 50.971 GC heap before
{Heap before GC invocations=10 (full 0):
 garbage-first heap   total 262144K, used 171307K [0x00000000e0000000, 0x0000000100000000)
  region size 1024K, 152 young (155648K), 10 survivors (10240K)
 Metaspace       used 52472K, capacity 53934K, committed 54064K, reserved 301056K
  class space    used 6791K, capacity 7279K, committed 7296K, reserved 253952K
}
Event: 51.020 GC heap after
{Heap after GC invocations=11 (full 0):
 garbage-first heap   total 262144K, used 35936K [0x00000000e0000000, 0x0000000100000000)
  region size 1024K, 19 young (19456K), 19 survivors (19456K)
 Metaspace       used 52472K, capacity 53934K, committed 54064K, reserved 301056K
  class space    used 6791K, capacity 7279K, committed 7296K, reserved 253952K
}
Event: 59.723 GC heap before
{Heap before GC invocations=11 (full 0):
 garbage-first heap   total 262144K, used 101472K [0x00000000e0000000, 0x0000000100000000)
  region size 1024K, 85 young (87040K), 19 survivors (19456K)
 Metaspace       used 58524K, capacity 60153K, committed 60208K, reserved 307200K
  class space    used 7495K, capacity 8057K, committed 8064K, reserved 253952K
}
Event: 59.791 GC heap after
{Heap after GC invocations=12 (full 0):
 garbage-first heap   total 262144K, used 41598K [0x00000000e0000000, 0x0000000100000000)
  region size 1024K, 16 young (16384K), 16 survivors (16384K)
 Metaspace       used 58524K, capacity 60153K, committed 60208K, reserved 307200K
  class space    used 7495K, capacity 8057K, committed 8064K, reserved 253952K
}

Deoptimization events (10 events):
Event: 69.507 Thread 0x0000024f74c4f000 Uncommon trap: reason=unstable_if action=reinterpret pc=0x0000024f68aa2b88 method=io.spring.gradle.dependencymanagement.org.codehaus.plexus.util.xml.pull.MXParser.isS(C)Z @ 15 c2
Event: 69.507 Thread 0x0000024f74c4f000 Uncommon trap: reason=unstable_if action=reinterpret pc=0x0000024f68abe474 method=io.spring.gradle.dependencymanagement.org.codehaus.plexus.util.xml.pull.MXParser.nextImpl()I @ 934 c2
Event: 69.883 Thread 0x0000024f74c4f000 Uncommon trap: reason=class_check action=maybe_recompile pc=0x0000024f68aaff08 method=io.spring.gradle.dependencymanagement.org.apache.maven.model.interpolation.StringSearchModelInterpolator$InterpolateObjectAction.interpolateMapField(Ljava/lang/Object;Lj
Event: 69.883 Thread 0x0000024f74c4f000 Uncommon trap: reason=class_check action=maybe_recompile pc=0x0000024f68aaff08 method=io.spring.gradle.dependencymanagement.org.apache.maven.model.interpolation.StringSearchModelInterpolator$InterpolateObjectAction.interpolateMapField(Ljava/lang/Object;Lj
Event: 69.884 Thread 0x0000024f74c4f000 Uncommon trap: reason=class_check action=maybe_recompile pc=0x0000024f68aaff08 method=io.spring.gradle.dependencymanagement.org.apache.maven.model.interpolation.StringSearchModelInterpolator$InterpolateObjectAction.interpolateMapField(Ljava/lang/Object;Lj
Event: 70.083 Thread 0x0000024f74c4f000 Uncommon trap: reason=unstable_if action=reinterpret pc=0x0000024f68bfde3c method=io.spring.gradle.dependencymanagement.org.codehaus.plexus.util.xml.pull.MXParser.nextImpl()I @ 280 c2
Event: 70.583 Thread 0x0000024f74c4f000 Uncommon trap: reason=class_check action=maybe_recompile pc=0x0000024f68bf1498 method=io.spring.gradle.dependencymanagement.org.codehaus.plexus.interpolation.MapBasedValueSource.getValue(Ljava/lang/String;)Ljava/lang/Object; @ 16 c2
Event: 70.583 Thread 0x0000024f74c4f000 Uncommon trap: reason=class_check action=maybe_recompile pc=0x0000024f68bf1498 method=io.spring.gradle.dependencymanagement.org.codehaus.plexus.interpolation.MapBasedValueSource.getValue(Ljava/lang/String;)Ljava/lang/Object; @ 16 c2
Event: 70.592 Thread 0x0000024f74c4f000 Uncommon trap: reason=class_check action=maybe_recompile pc=0x0000024f68aaff08 method=io.spring.gradle.dependencymanagement.org.apache.maven.model.interpolation.StringSearchModelInterpolator$InterpolateObjectAction.interpolateMapField(Ljava/lang/Object;Lj
Event: 70.615 Thread 0x0000024f74c4f000 Uncommon trap: reason=unstable_if action=reinterpret pc=0x0000024f68bed548 method=io.spring.gradle.dependencymanagement.org.apache.maven.model.validation.DefaultModelValidator.validateNotNull(Ljava/lang/String;Lio/spring/gradle/dependencymanagement/org/ap

Classes redefined (0 events):
No events

Internal exceptions (10 events):
Event: 53.597 Thread 0x0000024f74c4f000 Exception <a 'java/lang/ClassNotFoundException'{0x00000000eeab6160}: org/gradle/api/tasks/compile/JavaCompileCustomizer> (0x00000000eeab6160) thrown at [t:/workspace/open/src/hotspot/share/classfile/systemDictionary.cpp, line 231]
Event: 53.600 Thread 0x0000024f74c4f000 Exception <a 'java/lang/ClassNotFoundException'{0x00000000eeae7910}: org/gradle/api/tasks/compile/JavaCompile_DecoratedCustomizer> (0x00000000eeae7910) thrown at [t:/workspace/open/src/hotspot/share/classfile/systemDictionary.cpp, line 231]
Event: 54.156 Thread 0x0000024f74c4f000 Exception <a 'java/lang/NoSuchMethodError'{0x00000000ee74e418}: java.lang.invoke.DirectMethodHandle$Holder.invokeStatic(Ljava/lang/Object;Ljava/lang/Object;Ljava/lang/Object;Ljava/lang/Object;Ljava/lang/Object;Ljava/lang/Object;Ljava/lang/Object;)V> (0x00
Event: 58.210 Thread 0x0000024f749d6000 Implicit null exception at 0x0000024f687d3a14 to 0x0000024f687d429e
Event: 59.277 Thread 0x0000024f749d7000 Exception <a 'java/lang/IncompatibleClassChangeError'{0x00000000ec193bf8}: Found class java.lang.Object, but interface was expected> (0x00000000ec193bf8) thrown at [t:/workspace/open/src/hotspot/share/interpreter/linkResolver.cpp, line 838]
Event: 59.343 Thread 0x0000024f749d7000 Exception <a 'sun/nio/fs/WindowsException'{0x00000000ec1bf280}> (0x00000000ec1bf280) thrown at [t:/workspace/open/src/hotspot/share/prims/jni.cpp, line 615]
Event: 59.383 Thread 0x0000024f749d7000 Implicit null exception at 0x0000024f6893c5b0 to 0x0000024f6893e282
Event: 63.298 Thread 0x0000024f749d4800 Exception <a 'java/lang/NoSuchMethodError'{0x00000000eeae7800}: java.lang.invoke.DirectMethodHandle$Holder.invokeSpecial(Ljava/lang/Object;Ljava/lang/Object;IILjava/lang/Object;Ljava/lang/Object;Ljava/lang/Object;)Ljava/lang/Object;> (0x00000000eeae7800) 
Event: 63.298 Thread 0x0000024f749d4800 Exception <a 'java/lang/NoSuchMethodError'{0x00000000eeaeb030}: java.lang.invoke.DelegatingMethodHandle$Holder.reinvoke_L(Ljava/lang/Object;IILjava/lang/Object;Ljava/lang/Object;Ljava/lang/Object;)Ljava/lang/Object;> (0x00000000eeaeb030) thrown at [t:/wor
Event: 70.615 Thread 0x0000024f74c4f000 Implicit null exception at 0x0000024f68bed4cf to 0x0000024f68bed522

Events (10 events):
Event: 70.583 Thread 0x0000024f74c4f000 DEOPT UNPACKING pc=0x0000024f60d08eaf sp=0x00000094597f87a8 mode 2
Event: 70.583 Thread 0x0000024f74c4f000 Uncommon trap: trap_request=0xffffffde fr.pc=0x0000024f68bf1498 relative=0x00000000000006d8
Event: 70.583 Thread 0x0000024f74c4f000 DEOPT PACKING pc=0x0000024f68bf1498 sp=0x00000094597f8800
Event: 70.583 Thread 0x0000024f74c4f000 DEOPT UNPACKING pc=0x0000024f60d08eaf sp=0x00000094597f87a8 mode 2
Event: 70.592 Thread 0x0000024f74c4f000 Uncommon trap: trap_request=0xffffffde fr.pc=0x0000024f68aaff08 relative=0x0000000000002fe8
Event: 70.592 Thread 0x0000024f74c4f000 DEOPT PACKING pc=0x0000024f68aaff08 sp=0x00000094597f6e90
Event: 70.592 Thread 0x0000024f74c4f000 DEOPT UNPACKING pc=0x0000024f60d08eaf sp=0x00000094597f6e08 mode 2
Event: 70.615 Thread 0x0000024f74c4f000 Uncommon trap: trap_request=0xffffff4d fr.pc=0x0000024f68bed548 relative=0x00000000000000a8
Event: 70.615 Thread 0x0000024f74c4f000 DEOPT PACKING pc=0x0000024f68bed548 sp=0x00000094597f8770
Event: 70.615 Thread 0x0000024f74c4f000 DEOPT UNPACKING pc=0x0000024f60d08eaf sp=0x00000094597f86c0 mode 2


Dynamic libraries:
0x00007ff7d4e50000 - 0x00007ff7d4e97000 	C:\Program Files\Java\jdk-11.0.2\bin\java.exe
0x00007ff885520000 - 0x00007ff885710000 	C:\WINDOWS\SYSTEM32\ntdll.dll
0x00007ff884400000 - 0x00007ff8844b2000 	C:\WINDOWS\System32\KERNEL32.DLL
0x00007ff8829c0000 - 0x00007ff882c63000 	C:\WINDOWS\System32\KERNELBASE.dll
0x00007ff884ac0000 - 0x00007ff884b63000 	C:\WINDOWS\System32\ADVAPI32.dll
0x00007ff8842e0000 - 0x00007ff88437e000 	C:\WINDOWS\System32\msvcrt.dll
0x00007ff884650000 - 0x00007ff8846e7000 	C:\WINDOWS\System32\sechost.dll
0x00007ff883630000 - 0x00007ff883750000 	C:\WINDOWS\System32\RPCRT4.dll
0x00007ff883f30000 - 0x00007ff8840c4000 	C:\WINDOWS\System32\USER32.dll
0x00007ff882600000 - 0x00007ff882621000 	C:\WINDOWS\System32\win32u.dll
0x00007ff883760000 - 0x00007ff883786000 	C:\WINDOWS\System32\GDI32.dll
0x00007ff882780000 - 0x00007ff882914000 	C:\WINDOWS\System32\gdi32full.dll
0x00007ff882920000 - 0x00007ff8829be000 	C:\WINDOWS\System32\msvcp_win.dll
0x00007ff882680000 - 0x00007ff88277a000 	C:\WINDOWS\System32\ucrtbase.dll
0x00007ff8761f0000 - 0x00007ff876475000 	C:\WINDOWS\WinSxS\amd64_microsoft.windows.common-controls_6595b64144ccf1df_6.0.18362.778_none_e6c6b761130d4fb8\COMCTL32.dll
0x00007ff884750000 - 0x00007ff884a86000 	C:\WINDOWS\System32\combase.dll
0x00007ff882ca0000 - 0x00007ff882d20000 	C:\WINDOWS\System32\bcryptPrimitives.dll
0x00007ff87a910000 - 0x00007ff87a91a000 	C:\WINDOWS\SYSTEM32\VERSION.dll
0x00007ff884a90000 - 0x00007ff884abe000 	C:\WINDOWS\System32\IMM32.DLL
0x00007ff8797a0000 - 0x00007ff8797b6000 	C:\Program Files\Java\jdk-11.0.2\bin\vcruntime140.dll
0x00007ff86b000000 - 0x00007ff86b0aa000 	C:\Program Files\Java\jdk-11.0.2\bin\msvcp140.dll
0x00007ff84da40000 - 0x00007ff84e567000 	C:\Program Files\Java\jdk-11.0.2\bin\server\jvm.dll
0x00007ff884640000 - 0x00007ff884648000 	C:\WINDOWS\System32\PSAPI.DLL
0x00007ff86f870000 - 0x00007ff86f879000 	C:\WINDOWS\SYSTEM32\WSOCK32.dll
0x00007ff884200000 - 0x00007ff88426f000 	C:\WINDOWS\System32\WS2_32.dll
0x00007ff8794f0000 - 0x00007ff879514000 	C:\WINDOWS\SYSTEM32\WINMM.dll
0x00007ff8794c0000 - 0x00007ff8794ed000 	C:\WINDOWS\SYSTEM32\WINMMBASE.dll
0x00007ff882630000 - 0x00007ff88267a000 	C:\WINDOWS\System32\cfgmgr32.dll
0x00007ff882490000 - 0x00007ff8824a1000 	C:\WINDOWS\System32\kernel.appcore.dll
0x00007ff8781b0000 - 0x00007ff8781c1000 	C:\Program Files\Java\jdk-11.0.2\bin\verify.dll
0x00007ff87ae30000 - 0x00007ff87b024000 	C:\WINDOWS\SYSTEM32\DBGHELP.DLL
0x00007ff879ff0000 - 0x00007ff87a01a000 	C:\WINDOWS\SYSTEM32\dbgcore.DLL
0x00007ff877040000 - 0x00007ff877069000 	C:\Program Files\Java\jdk-11.0.2\bin\java.dll
0x00007ff878050000 - 0x00007ff878066000 	C:\Program Files\Java\jdk-11.0.2\bin\zip.dll
0x00007ff87de70000 - 0x00007ff87de7a000 	C:\Program Files\Java\jdk-11.0.2\bin\jimage.dll
0x00007ff883840000 - 0x00007ff883f25000 	C:\WINDOWS\System32\SHELL32.dll
0x00007ff883790000 - 0x00007ff883839000 	C:\WINDOWS\System32\shcore.dll
0x00007ff882e50000 - 0x00007ff8835d0000 	C:\WINDOWS\System32\windows.storage.dll
0x00007ff882460000 - 0x00007ff882483000 	C:\WINDOWS\System32\profapi.dll
0x00007ff8823f0000 - 0x00007ff88243a000 	C:\WINDOWS\System32\powrprof.dll
0x00007ff8823e0000 - 0x00007ff8823f0000 	C:\WINDOWS\System32\UMPDC.dll
0x00007ff8835d0000 - 0x00007ff883622000 	C:\WINDOWS\System32\shlwapi.dll
0x00007ff882d80000 - 0x00007ff882d97000 	C:\WINDOWS\System32\cryptsp.dll
0x00007ff877430000 - 0x00007ff877449000 	C:\Program Files\Java\jdk-11.0.2\bin\net.dll
0x00007ff87a020000 - 0x00007ff87a110000 	C:\WINDOWS\SYSTEM32\WINHTTP.dll
0x00007ff878bf0000 - 0x00007ff878dc5000 	C:\WINDOWS\SYSTEM32\urlmon.dll
0x00007ff878940000 - 0x00007ff878be6000 	C:\WINDOWS\SYSTEM32\iertutil.dll
0x00007ff881dc0000 - 0x00007ff881dcc000 	C:\WINDOWS\SYSTEM32\CRYPTBASE.DLL
0x00007ff881bf0000 - 0x00007ff881c57000 	C:\WINDOWS\system32\mswsock.dll
0x00007ff877020000 - 0x00007ff877033000 	C:\Program Files\Java\jdk-11.0.2\bin\nio.dll
0x00007ff87be80000 - 0x00007ff87bea7000 	C:\Users\\.gradle\native\c976cfcca226fdd4bee4412e95191dd41148b7504f9625baeda1d523bc39a967\windows-amd64\native-platform.dll
0x00007ff87de30000 - 0x00007ff87de39000 	C:\Program Files\Java\jdk-11.0.2\bin\management.dll
0x00007ff87ddd0000 - 0x00007ff87dddc000 	C:\Program Files\Java\jdk-11.0.2\bin\management_ext.dll
0x00007ff881760000 - 0x00007ff881793000 	C:\WINDOWS\system32\rsaenh.dll
0x00007ff882c70000 - 0x00007ff882c96000 	C:\WINDOWS\System32\bcrypt.dll
0x00007ff882300000 - 0x00007ff882325000 	C:\WINDOWS\SYSTEM32\USERENV.dll
0x00007ff881900000 - 0x00007ff88193a000 	C:\WINDOWS\SYSTEM32\IPHLPAPI.DLL
0x00007ff885110000 - 0x00007ff885118000 	C:\WINDOWS\System32\NSI.dll
0x00007ff87a830000 - 0x00007ff87a846000 	C:\WINDOWS\SYSTEM32\dhcpcsvc6.DLL
0x00007ff87a810000 - 0x00007ff87a82c000 	C:\WINDOWS\SYSTEM32\dhcpcsvc.DLL
0x00007ff881990000 - 0x00007ff881a5a000 	C:\WINDOWS\SYSTEM32\DNSAPI.dll
0x00007ff87ac60000 - 0x00007ff87ac6d000 	C:\Program Files\Java\jdk-11.0.2\bin\sunmscapi.dll
0x00007ff8824b0000 - 0x00007ff8825f9000 	C:\WINDOWS\System32\CRYPT32.dll
0x00007ff882440000 - 0x00007ff882452000 	C:\WINDOWS\System32\MSASN1.dll
0x00007ff881ec0000 - 0x00007ff881ee6000 	C:\WINDOWS\SYSTEM32\ncrypt.dll
0x00007ff881e80000 - 0x00007ff881ebb000 	C:\WINDOWS\SYSTEM32\NTASN1.dll
0x00007ff875810000 - 0x00007ff875837000 	C:\Program Files\Java\jdk-11.0.2\bin\sunec.dll
0x00007ff87a110000 - 0x00007ff87a11a000 	C:\Windows\System32\rasadhlp.dll
0x00007ff87a3c0000 - 0x00007ff87a437000 	C:\WINDOWS\System32\fwpuclnt.dll

dbghelp: loaded successfully - version: 4.0.5 - missing functions: none
symbol engine: initialized successfully - sym options: 0x614 - pdb path: .;C:\Program Files\Java\jdk-11.0.2\bin;C:\WINDOWS\SYSTEM32;C:\WINDOWS\WinSxS\amd64_microsoft.windows.common-controls_6595b64144ccf1df_6.0.18362.778_none_e6c6b761130d4fb8;C:\Program Files\Java\jdk-11.0.2\bin\server;C:\Users\\.gradle\native\c976cfcca226fdd4bee4412e95191dd41148b7504f9625baeda1d523bc39a967\windows-amd64

VM Arguments:
jvm_args: --add-opens=java.base/java.util=ALL-UNNAMED --add-opens=java.base/java.lang=ALL-UNNAMED --add-opens=java.base/java.lang.invoke=ALL-UNNAMED --add-opens=java.prefs/java.util.prefs=ALL-UNNAMED -XX:MaxMetaspaceSize=256m -XX:+HeapDumpOnOutOfMemoryError -Xms256m -Xmx512m -Dfile.encoding=windows-1251 -Duser.country=RU -Duser.language=ru -Duser.variant 
java_command: org.gradle.launcher.daemon.bootstrap.GradleDaemon 6.3
java_class_path (initial): C:\Users\\.gradle\wrapper\dists\gradle-6.3-all\b4awcolw9l59x95tu1obfh9i8\gradle-6.3\lib\gradle-launcher-6.3.jar
Launcher Type: SUN_STANDARD

[Global flags]
     intx CICompilerCount                          = 3                                         {product} {ergonomic}
   size_t CompressedClassSpaceSize                 = 260046848                                 {product} {ergonomic}
     uint ConcGCThreads                            = 1                                         {product} {ergonomic}
     uint G1ConcRefinementThreads                  = 4                                         {product} {ergonomic}
   size_t G1HeapRegionSize                         = 1048576                                   {product} {ergonomic}
    uintx GCDrainStackTargetSize                   = 64                                        {product} {ergonomic}
     bool HeapDumpOnOutOfMemoryError               = true                                   {manageable} {command line}
   size_t InitialHeapSize                          = 268435456                                 {product} {command line}
   size_t MarkStackSize                            = 4194304                                   {product} {ergonomic}
   size_t MaxHeapSize                              = 536870912                                 {product} {command line}
   size_t MaxMetaspaceSize                         = 268435456                                 {product} {command line}
   size_t MaxNewSize                               = 321912832                                 {product} {ergonomic}
   size_t MinHeapDeltaBytes                        = 1048576                                   {product} {ergonomic}
    uintx NonNMethodCodeHeapSize                   = 5830092                                {pd product} {ergonomic}
    uintx NonProfiledCodeHeapSize                  = 122914074                              {pd product} {ergonomic}
    uintx ProfiledCodeHeapSize                     = 122914074                              {pd product} {ergonomic}
    uintx ReservedCodeCacheSize                    = 251658240                              {pd product} {ergonomic}
     bool SegmentedCodeCache                       = true                                      {product} {ergonomic}
     bool UseCompressedClassPointers               = true                                 {lp64_product} {ergonomic}
     bool UseCompressedOops                        = true                                 {lp64_product} {ergonomic}
     bool UseG1GC                                  = true                                      {product} {ergonomic}
     bool UseLargePagesIndividualAllocation        = false                                  {pd product} {ergonomic}

Logging:
Log output configuration:
 #0: stdout all=warning uptime,level,tags
 #1: stderr all=off uptime,level,tags

Environment Variables:
PATH=C:\WINDOWS.X64_193000_db_home\bin;C:\Program Files (x86)\Common Files\Oracle\Java\javapath;C:\Program Files\Java\jdk-11.0.2\bin;C:\ProgramData\Oracle\Java\javapath;C:\Windows\system32;C:\Windows;C:\Windows\System32\Wbem;C:\Windows\System32\WindowsPowerShell\v1.0\;C:\Program Files\NetBeans 8.2\cygwin\bin;C:\Program Files (x86)\NVIDIA Corporation\PhysX\Common;C:\WINDOWS\system32;C:\WINDOWS;C:\WINDOWS\System32\Wbem;C:\WINDOWS\System32\WindowsPowerShell\v1.0\;C:\WINDOWS\System32\OpenSSH\;C:\Program Files\nodejs\;C:\Program Files\Git\cmd;C:\Users\\AppData\Local\Programs\Python\Python38-32;C:\Users\\AppData\Local\Programs\Python\Python38-32\Scripts;C:\Program Files\Java\jdk-11.0.2\bin;C:\Users\\AppData\Local\Microsoft\WindowsApps;C:\Program Files\JetBrains\IntelliJ IDEA 2020.1\bin;;C:\Users\\AppData\Roaming\npm;
USERNAME=
OS=Windows_NT
PROCESSOR_IDENTIFIER=Intel64 Family 6 Model 58 Stepping 9, GenuineIntel



---------------  S Y S T E M  ---------------

OS: Windows 10 , 64 bit Build 18362 (10.0.18362.778)

CPU:total 4 (initial active 4) (2 cores per cpu, 2 threads per core) family 6 model 58 stepping 9, cmov, cx8, fxsr, mmx, sse, sse2, sse3, ssse3, sse4.1, sse4.2, popcnt, avx, clmul, erms, ht, tsc, tscinvbit, tscinv

Memory: 4k page, system-wide physical 6029M (581M free)
TotalPageFile size 7678M (AvailPageFile size 17M)
current process WorkingSet (physical memory assigned to process): 382M, peak: 382M
current process commit charge ("private bytes"): 481M, peak: 482M

vm_info: Java HotSpot(TM) 64-Bit Server VM (11.0.2+9-LTS) for windows-amd64 JRE (11.0.2+9-LTS), built on Jan 18 2019 05:24:10 by "mach5one" with MS VC++ 15.5 (VS2017)

END.
